<?xml version="1.0" encoding="utf-8"?><testsuites name="pytest tests"><testsuite name="pytest" errors="0" failures="0" skipped="0" tests="33" time="3.757" timestamp="2026-03-23T18:09:53.757981+00:00" hostname="agent-env-570e6190-0de8-456a-9831-ab733c034e64"><testcase classname="backend.tests.test_admin_reviews.TestAdminStats" name="test_admin_stats_with_admin_auth" time="0.575" /><testcase classname="backend.tests.test_admin_reviews.TestAdminStats" name="test_admin_stats_without_auth_fails" time="0.057" /><testcase classname="backend.tests.test_admin_reviews.TestAdminStats" name="test_admin_stats_with_regular_user_fails" time="0.361" /><testcase classname="backend.tests.test_admin_reviews.TestAdminPendingPartners" name="test_get_pending_partners_with_admin" time="0.070" /><testcase classname="backend.tests.test_admin_reviews.TestAdminPendingPartners" name="test_get_pending_partners_without_auth_fails" time="0.070" /><testcase classname="backend.tests.test_admin_reviews.TestAdminPendingPartners" name="test_get_pending_partners_with_regular_user_fails" time="0.058" /><testcase classname="backend.tests.test_admin_reviews.TestAdminPartnerActions" name="test_approve_partner_with_admin" time="0.335" /><testcase classname="backend.tests.test_admin_reviews.TestAdminPartnerActions" name="test_approve_nonexistent_partner_fails" time="0.050" /><testcase classname="backend.tests.test_admin_reviews.TestAdminPartnerActions" name="test_reject_partner_with_admin" time="0.370" /><testcase classname="backend.tests.test_admin_reviews.TestAdminPartnerActions" name="test_approve_without_admin_fails" time="0.061" /><testcase classname="backend.tests.test_admin_reviews.TestAdminContentFlags" name="test_get_content_flags_with_admin" time="0.050" /><testcase classname="backend.tests.test_admin_reviews.TestAdminContentFlags" name="test_get_content_flags_without_auth_fails" time="0.049" /><testcase classname="backend.tests.test_admin_reviews.TestAdminContentFlags" name="test_get_content_flags_with_regular_user_fails" time="0.054" /><testcase classname="backend.tests.test_admin_reviews.TestAdminContentFlags" name="test_resolve_nonexistent_flag_fails" time="0.077" /><testcase classname="backend.tests.test_admin_reviews.TestAdminActivityLog" name="test_get_activity_log_with_admin" time="0.053" /><testcase classname="backend.tests.test_admin_reviews.TestAdminActivityLog" name="test_get_activity_log_without_auth_fails" time="0.053" /><testcase classname="backend.tests.test_admin_reviews.TestAdminActivityLog" name="test_get_activity_log_with_regular_user_fails" time="0.050" /><testcase classname="backend.tests.test_admin_reviews.TestAdminSeed" name="test_seed_without_auth_fails" time="0.058" /><testcase classname="backend.tests.test_admin_reviews.TestAdminSeed" name="test_seed_with_auth_promotes_user" time="0.055" /><testcase classname="backend.tests.test_admin_reviews.TestReviewsCRUD" name="test_create_review_with_auth" time="0.073" /><testcase classname="backend.tests.test_admin_reviews.TestReviewsCRUD" name="test_create_review_without_auth_fails" time="0.046" /><testcase classname="backend.tests.test_admin_reviews.TestReviewsCRUD" name="test_create_duplicate_review_fails" time="0.109" /><testcase classname="backend.tests.test_admin_reviews.TestReviewsCRUD" name="test_get_reviews_for_target" time="0.050" /><testcase classname="backend.tests.test_admin_reviews.TestReviewsCRUD" name="test_get_all_published_reviews" time="0.070" /><testcase classname="backend.tests.test_admin_reviews.TestReviewsCRUD" name="test_delete_own_review" time="0.109" /><testcase classname="backend.tests.test_admin_reviews.TestReviewsCRUD" name="test_delete_review_without_auth_fails" time="0.050" /><testcase classname="backend.tests.test_admin_reviews.TestReviewsCRUD" name="test_delete_nonexistent_review_fails" time="0.048" /><testcase classname="backend.tests.test_admin_reviews.TestReviewsFlag" name="test_flag_review_with_auth" time="0.140" /><testcase classname="backend.tests.test_admin_reviews.TestReviewsFlag" name="test_flag_review_without_auth_fails" time="0.058" /><testcase classname="backend.tests.test_admin_reviews.TestReviewsFlag" name="test_flag_nonexistent_review_fails" time="0.057" /><testcase classname="backend.tests.test_admin_reviews.TestReviewsHelpful" name="test_mark_helpful_with_auth" time="0.126" /><testcase classname="backend.tests.test_admin_reviews.TestReviewsHelpful" name="test_mark_helpful_without_auth_fails" time="0.053" /><testcase classname="backend.tests.test_admin_reviews.TestReviewsHelpful" name="test_mark_helpful_nonexistent_review_fails" time="0.057" /></testsuite></testsuites>