<?xml version="1.0" encoding="utf-8"?><testsuites name="pytest tests"><testsuite name="pytest" errors="0" failures="0" skipped="0" tests="17" time="7.229" timestamp="2026-04-05T14:01:11.506574+00:00" hostname="agent-env-e242c9a1-b45d-4e4c-aee5-30949d875208"><testcase classname="tests.test_iteration7_features.TestForgotPasswordFlow" name="test_forgot_password_existing_user" time="0.146" /><testcase classname="tests.test_iteration7_features.TestForgotPasswordFlow" name="test_forgot_password_nonexistent_user" time="0.101" /><testcase classname="tests.test_iteration7_features.TestForgotPasswordFlow" name="test_reset_password_invalid_token" time="0.131" /><testcase classname="tests.test_iteration7_features.TestForgotPasswordFlow" name="test_full_password_reset_flow" time="1.473" /><testcase classname="tests.test_iteration7_features.TestPartnerAPIs" name="test_partner_stats_requires_partner_account" time="0.431" /><testcase classname="tests.test_iteration7_features.TestPartnerAPIs" name="test_partner_stats_for_partner" time="0.459" /><testcase classname="tests.test_iteration7_features.TestPartnerAPIs" name="test_partner_bookings_for_partner" time="0.466" /><testcase classname="tests.test_iteration7_features.TestPartnerAPIs" name="test_partner_me_endpoint" time="0.427" /><testcase classname="tests.test_iteration7_features.TestPartnerAPIs" name="test_booking_accept_not_found" time="0.434" /><testcase classname="tests.test_iteration7_features.TestPartnerAPIs" name="test_booking_decline_not_found" time="0.447" /><testcase classname="tests.test_iteration7_features.TestAdminEmailNotifications" name="test_admin_approve_partner_with_email" time="0.821" /><testcase classname="tests.test_iteration7_features.TestAdminEmailNotifications" name="test_admin_reject_partner_with_email" time="0.769" /><testcase classname="tests.test_iteration7_features.TestDestinationsAPI" name="test_get_destinations" time="0.109" /><testcase classname="tests.test_iteration7_features.TestAuthEndpoints" name="test_login_success" time="0.327" /><testcase classname="tests.test_iteration7_features.TestAuthEndpoints" name="test_login_invalid_credentials" time="0.096" /><testcase classname="tests.test_iteration7_features.TestAuthEndpoints" name="test_me_endpoint_authenticated" time="0.425" /><testcase classname="tests.test_iteration7_features.TestAuthEndpoints" name="test_me_endpoint_unauthenticated" time="0.095" /></testsuite></testsuites>