<?xml version="1.0" encoding="utf-8"?><testsuites name="pytest tests"><testsuite name="pytest" errors="0" failures="0" skipped="0" tests="16" time="4.796" timestamp="2026-04-05T12:58:40.688838+00:00" hostname="agent-env-570e6190-0de8-456a-9831-ab733c034e64"><testcase classname="backend.tests.test_profile_seo.TestProfileAPI" name="test_get_me_returns_profile_data" time="0.442" /><testcase classname="backend.tests.test_profile_seo.TestProfileAPI" name="test_update_profile_phone" time="0.459" /><testcase classname="backend.tests.test_profile_seo.TestProfileAPI" name="test_update_profile_bio" time="0.413" /><testcase classname="backend.tests.test_profile_seo.TestProfileAPI" name="test_update_profile_travel_style" time="0.431" /><testcase classname="backend.tests.test_profile_seo.TestProfileAPI" name="test_update_profile_interests" time="0.463" /><testcase classname="backend.tests.test_profile_seo.TestProfileAPI" name="test_update_profile_avatar_color" time="0.448" /><testcase classname="backend.tests.test_profile_seo.TestProfileAPI" name="test_update_name_returns_new_token" time="0.533" /><testcase classname="backend.tests.test_profile_seo.TestProfileAPI" name="test_update_profile_no_fields_returns_400" time="0.423" /><testcase classname="backend.tests.test_profile_seo.TestProfileAPI" name="test_update_profile_unauthorized" time="0.415" /><testcase classname="backend.tests.test_profile_seo.TestSEOMetaTags" name="test_title_length_50_60_chars" time="0.108" /><testcase classname="backend.tests.test_profile_seo.TestSEOMetaTags" name="test_canonical_has_trailing_slash" time="0.107" /><testcase classname="backend.tests.test_profile_seo.TestSEOMetaTags" name="test_og_image_is_actual_url" time="0.096" /><testcase classname="backend.tests.test_profile_seo.TestSEOMetaTags" name="test_hreflang_self_referencing" time="0.099" /><testcase classname="backend.tests.test_profile_seo.TestSEOMetaTags" name="test_keywords_include_brand_variations" time="0.101" /><testcase classname="backend.tests.test_profile_seo.TestSEOMetaTags" name="test_json_ld_substack_in_sameas" time="0.101" /><testcase classname="backend.tests.test_profile_seo.TestSEOMetaTags" name="test_json_ld_alternatename_variations" time="0.101" /></testsuite></testsuites>