<?xml version="1.0" encoding="utf-8"?><testsuites name="pytest tests"><testsuite name="pytest" errors="0" failures="1" skipped="0" tests="38" time="61.771" timestamp="2026-03-23T17:11:14.863866+00:00" hostname="agent-env-570e6190-0de8-456a-9831-ab733c034e64"><testcase classname="tests.test_marocsphere_api.TestRootEndpoint" name="test_root_returns_version_info" time="0.392" /><testcase classname="tests.test_marocsphere_api.TestAuthEndpoints" name="test_register_new_user" time="0.302" /><testcase classname="tests.test_marocsphere_api.TestAuthEndpoints" name="test_register_duplicate_email_fails" time="0.627" /><testcase classname="tests.test_marocsphere_api.TestAuthEndpoints" name="test_login_valid_credentials" time="0.310" /><testcase classname="tests.test_marocsphere_api.TestAuthEndpoints" name="test_login_invalid_credentials" time="0.071" /><testcase classname="tests.test_marocsphere_api.TestAuthEndpoints" name="test_get_me_with_auth" time="0.074" /><testcase classname="tests.test_marocsphere_api.TestAuthEndpoints" name="test_get_me_without_auth" time="0.070" /><testcase classname="tests.test_marocsphere_api.TestDestinationsEndpoints" name="test_get_destinations_returns_6" time="0.084" /><testcase classname="tests.test_marocsphere_api.TestLandmarksEndpoints" name="test_get_all_landmarks_returns_12" time="0.072" /><testcase classname="tests.test_marocsphere_api.TestLandmarksEndpoints" name="test_filter_landmarks_by_city" time="0.072" /><testcase classname="tests.test_marocsphere_api.TestLandmarksEndpoints" name="test_filter_landmarks_by_type" time="0.067" /><testcase classname="tests.test_marocsphere_api.TestLandmarksEndpoints" name="test_filter_landmarks_by_safety" time="0.072" /><testcase classname="tests.test_marocsphere_api.TestLandmarksEndpoints" name="test_search_landmarks" time="0.072" /><testcase classname="tests.test_marocsphere_api.TestLandmarksEndpoints" name="test_get_single_landmark" time="0.061" /><testcase classname="tests.test_marocsphere_api.TestLandmarksEndpoints" name="test_get_nonexistent_landmark" time="0.057" /><testcase classname="tests.test_marocsphere_api.TestSafetyEndpoints" name="test_get_safety_report" time="0.067" /><testcase classname="tests.test_marocsphere_api.TestSafetyEndpoints" name="test_get_safety_report_with_coords" time="0.067" /><testcase classname="tests.test_marocsphere_api.TestSafetyEndpoints" name="test_trigger_emergency" time="0.077" /><testcase classname="tests.test_marocsphere_api.TestSubscriptionEndpoints" name="test_get_traveler_plans" time="0.073" /><testcase classname="tests.test_marocsphere_api.TestSubscriptionEndpoints" name="test_get_partner_plans" time="0.069" /><testcase classname="tests.test_marocsphere_api.TestSubscriptionEndpoints" name="test_get_subscription_status_without_auth" time="0.071" /><testcase classname="tests.test_marocsphere_api.TestSubscriptionEndpoints" name="test_get_subscription_status_with_auth" time="0.080" /><testcase classname="tests.test_marocsphere_api.TestUsageEndpoints" name="test_check_feature_usage_without_auth" time="0.073" /><testcase classname="tests.test_marocsphere_api.TestUsageEndpoints" name="test_check_feature_usage_with_auth" time="0.078" /><testcase classname="tests.test_marocsphere_api.TestUsageEndpoints" name="test_track_usage_without_auth_fails" time="0.070" /><testcase classname="tests.test_marocsphere_api.TestUsageEndpoints" name="test_track_usage_with_auth" time="0.085" /><testcase classname="tests.test_marocsphere_api.TestItineraryEndpoints" name="test_generate_itinerary" time="25.343" /><testcase classname="tests.test_marocsphere_api.TestItineraryEndpoints" name="test_get_itineraries_with_auth" time="0.062" /><testcase classname="tests.test_marocsphere_api.TestItineraryEndpoints" name="test_delete_itinerary" time="14.249"><failure message="requests.exceptions.ConnectionError: ('Connection aborted.', RemoteDisconnected('Remote end closed connection without response'))">/root/.venv/lib/python3.11/site-packages/urllib3/connectionpool.py:787: in urlopen
    response = self._make_request(
/root/.venv/lib/python3.11/site-packages/urllib3/connectionpool.py:534: in _make_request
    response = conn.getresponse()
               ^^^^^^^^^^^^^^^^^^
/root/.venv/lib/python3.11/site-packages/urllib3/connection.py:571: in getresponse
    httplib_response = super().getresponse()
                       ^^^^^^^^^^^^^^^^^^^^^
/usr/local/lib/python3.11/http/client.py:1395: in getresponse
    response.begin()
/usr/local/lib/python3.11/http/client.py:325: in begin
    version, status, reason = self._read_status()
                              ^^^^^^^^^^^^^^^^^^^
/usr/local/lib/python3.11/http/client.py:294: in _read_status
    raise RemoteDisconnected("Remote end closed connection without"
E   http.client.RemoteDisconnected: Remote end closed connection without response

During handling of the above exception, another exception occurred:
/root/.venv/lib/python3.11/site-packages/requests/adapters.py:644: in send
    resp = conn.urlopen(
/root/.venv/lib/python3.11/site-packages/urllib3/connectionpool.py:841: in urlopen
    retries = retries.increment(
/root/.venv/lib/python3.11/site-packages/urllib3/util/retry.py:490: in increment
    raise reraise(type(error), error, _stacktrace)
          ^^^^^^^^^^^^^^^^^^^^^^^^^^^^^^^^^^^^^^^^
/root/.venv/lib/python3.11/site-packages/urllib3/util/util.py:38: in reraise
    raise value.with_traceback(tb)
/root/.venv/lib/python3.11/site-packages/urllib3/connectionpool.py:787: in urlopen
    response = self._make_request(
/root/.venv/lib/python3.11/site-packages/urllib3/connectionpool.py:534: in _make_request
    response = conn.getresponse()
               ^^^^^^^^^^^^^^^^^^
/root/.venv/lib/python3.11/site-packages/urllib3/connection.py:571: in getresponse
    httplib_response = super().getresponse()
                       ^^^^^^^^^^^^^^^^^^^^^
/usr/local/lib/python3.11/http/client.py:1395: in getresponse
    response.begin()
/usr/local/lib/python3.11/http/client.py:325: in begin
    version, status, reason = self._read_status()
                              ^^^^^^^^^^^^^^^^^^^
/usr/local/lib/python3.11/http/client.py:294: in _read_status
    raise RemoteDisconnected("Remote end closed connection without"
E   urllib3.exceptions.ProtocolError: ('Connection aborted.', RemoteDisconnected('Remote end closed connection without response'))

During handling of the above exception, another exception occurred:
tests/test_marocsphere_api.py:500: in test_delete_itinerary
    delete_response = api_client.delete(
/root/.venv/lib/python3.11/site-packages/requests/sessions.py:671: in delete
    return self.request("DELETE", url, **kwargs)
           ^^^^^^^^^^^^^^^^^^^^^^^^^^^^^^^^^^^^^
/root/.venv/lib/python3.11/site-packages/requests/sessions.py:589: in request
    resp = self.send(prep, **send_kwargs)
           ^^^^^^^^^^^^^^^^^^^^^^^^^^^^^^
/root/.venv/lib/python3.11/site-packages/requests/sessions.py:703: in send
    r = adapter.send(request, **kwargs)
        ^^^^^^^^^^^^^^^^^^^^^^^^^^^^^^^
/root/.venv/lib/python3.11/site-packages/requests/adapters.py:659: in send
    raise ConnectionError(err, request=request)
E   requests.exceptions.ConnectionError: ('Connection aborted.', RemoteDisconnected('Remote end closed connection without response'))</failure></testcase><testcase classname="tests.test_marocsphere_api.TestItineraryEndpoints" name="test_delete_nonexistent_itinerary" time="0.266" /><testcase classname="tests.test_marocsphere_api.TestPartnerEndpoints" name="test_register_partner" time="0.294" /><testcase classname="tests.test_marocsphere_api.TestPartnerEndpoints" name="test_get_partner_me_without_auth" time="0.068" /><testcase classname="tests.test_marocsphere_api.TestPartnerEndpoints" name="test_list_partners" time="0.070" /><testcase classname="tests.test_marocsphere_api.TestPartnerEndpoints" name="test_list_partners_unverified" time="0.081" /><testcase classname="tests.test_marocsphere_api.TestPartnerEndpoints" name="test_get_partner_by_id_nonexistent" time="0.070" /><testcase classname="tests.test_marocsphere_api.TestChatEndpoints" name="test_send_chat_message" time="5.436" /><testcase classname="tests.test_marocsphere_api.TestChatEndpoints" name="test_get_chat_messages" time="1.470" /><testcase classname="tests.test_marocsphere_api.TestChatEndpoints" name="test_continue_chat_session" time="10.794" /></testsuite></testsuites>